<?xml version="1.0" encoding="UTF-8"?>
<testsuite name="co.com.tuya.certifications.demoblazetuya.runners.UserSeeLaptops" tests="0" skipped="0" failures="0" errors="0" timestamp="1970-01-01T00:00:00" hostname="TorreGamer" time="0.0">
  <properties/>
  <system-out><![CDATA[
2 Scenarios (?[32m2 passed?[0m)
6 Steps (?[32m6 passed?[0m)
0m38,902s


]]></system-out>
  <system-err><![CDATA[[Test worker] INFO io.cucumber.core.plugin.SerenityReporter - Running feature from file:///C:/Users/arroy/Documents/Automatizaciones/DemoBlazeTuya/src/test/resources/features/precios_laptops.feature
[Test worker] INFO  - 

-------------------------------------------------------------------------------------
     _______. _______ .______       _______ .__   __.  __  .___________.____    ____ 
    /       ||   ____||   _  \     |   ____||  \ |  | |  | |           |\   \  /   / 
   |   (----`|  |__   |  |_)  |    |  |__   |   \|  | |  | `---|  |----` \   \/   /  
    \   \    |   __|  |      /     |   __|  |  . `  | |  |     |  |       \_    _/   
.----)   |   |  |____ |  |\  \----.|  |____ |  |\   | |  |     |  |         |  |     
|_______/    |_______|| _| `._____||_______||__| \__| |__|     |__|         |__|    
                                                                                     
 News and tutorials at http://www.serenity-bdd.info                                  
 Documentation at https://wakaleo.gitbooks.io/the-serenity-book/content/             
 Join the Serenity Community on Gitter: https://gitter.im/serenity-bdd/serenity-core 
 Serenity BDD Support and Training at http://serenity-bdd.info/#/trainingandsupport  
-------------------------------------------------------------------------------------

[Test worker] INFO  - Test Suite Started: Yo como cliente del almacén demoblaze
]]></system-err>
</testsuite>
